{
  "RSpec": {
    "coverage": {
      "/Users/alex/Documents/nitlink/lib/nitlink/parser.rb": [
        1,
        1,
        1,
        1,
        1,
        1,
        1,
        null,
        1,
        1,
        1,
        1,
        null,
        1,
        null,
        1,
        60,
        60,
        null,
        60,
        60,
        null,
        59,
        59,
        null,
        59,
        null,
        null,
        1,
        null,
        1,
        59,
        64,
        64,
        null,
        62,
        129,
        null,
        null,
        56,
        null,
        null,
        1,
        62,
        61,
        67,
        null,
        null,
        null,
        1,
        62,
        null,
        61,
        61,
        null,
        61,
        61,
        null,
        61,
        61,
        null,
        null,
        1,
        284,
        null,
        null,
        1,
        61,
        61,
        88,
        17,
        null,
        16,
        16,
        null,
        1,
        null,
        null,
        15,
        null,
        null,
        61,
        null,
        null,
        1,
        2,
        null,
        null,
        1,
        4,
        null,
        null,
        1,
        54,
        51,
        null,
        3,
        null,
        null,
        null,
        null
      ],
      "/Users/alex/Documents/nitlink/lib/nitlink/exceptions.rb": [
        1,
        1,
        1,
        1,
        1,
        null
      ],
      "/Users/alex/Documents/nitlink/lib/nitlink/splitter.rb": [
        1,
        null,
        1,
        1,
        1,
        148,
        148,
        null,
        null,
        1,
        null,
        147,
        147,
        null,
        147,
        3870,
        3870,
        null,
        3870,
        3870,
        null,
        3795,
        121,
        121,
        null,
        null,
        147,
        147,
        null,
        147,
        256,
        null,
        null,
        null,
        1,
        80,
        80,
        null,
        null,
        null
      ],
      "/Users/alex/Documents/nitlink/lib/nitlink/link_collection.rb": [
        1,
        null,
        1,
        1,
        1,
        45,
        92,
        null,
        null,
        1,
        5,
        5,
        null,
        5,
        9,
        5,
        null,
        null,
        1,
        null,
        null
      ],
      "/Users/alex/Documents/nitlink/lib/nitlink/hash_with_indifferent_access.rb": [
        1,
        1,
        1,
        75,
        75,
        198,
        null,
        null,
        null,
        1,
        247,
        null,
        null,
        1,
        212,
        null,
        null,
        1,
        1,
        null,
        null,
        1,
        10,
        null,
        null,
        1,
        9,
        null,
        null,
        1,
        3,
        null,
        null,
        1,
        3,
        null,
        null,
        1,
        3,
        8,
        null,
        3,
        null,
        null,
        1,
        2,
        null,
        null,
        1,
        1,
        null,
        null,
        1,
        1,
        null,
        null,
        null,
        1,
        1,
        null,
        null,
        1,
        null,
        1,
        687,
        null,
        null,
        null
      ],
      "/Users/alex/Documents/nitlink/lib/nitlink/link.rb": [
        1,
        1,
        null,
        null
      ],
      "/Users/alex/Documents/nitlink/lib/nitlink/response_normalizer.rb": [
        1,
        1,
        null,
        1,
        1,
        1,
        86,
        null,
        86,
        null,
        2,
        null,
        2,
        null,
        2,
        null,
        2,
        null,
        2,
        2,
        null,
        2,
        null,
        2,
        null,
        2,
        null,
        2,
        null,
        2,
        null,
        null,
        1,
        null,
        2,
        null,
        4,
        4,
        null,
        56,
        56,
        null,
        56,
        null,
        7,
        6,
        null,
        1,
        null,
        null,
        null,
        81,
        null,
        null,
        1,
        null,
        1,
        3,
        30,
        null,
        null,
        3,
        null,
        null,
        1,
        398,
        81,
        null,
        null,
        1,
        1,
        null,
        null,
        null
      ],
      "/Users/alex/Documents/nitlink/lib/nitlink/param_extractor.rb": [
        1,
        1,
        1,
        1,
        null,
        1,
        1,
        null,
        1,
        77,
        77,
        77,
        172,
        null,
        null,
        77,
        null,
        null,
        1,
        null,
        1,
        null,
        172,
        108,
        null,
        108,
        104,
        104,
        null,
        4,
        null,
        null,
        108,
        77,
        null,
        null,
        1,
        51,
        55,
        null,
        null,
        1,
        104,
        null,
        null,
        1,
        276,
        null,
        null,
        1,
        280,
        null,
        null,
        1,
        172,
        null,
        null,
        null
      ],
      "/Users/alex/Documents/nitlink/lib/nitlink/param_decoder.rb": [
        1,
        null,
        1,
        1,
        1,
        9,
        null,
        9,
        8,
        null,
        6,
        null,
        null,
        1,
        null,
        1,
        1,
        null,
        null,
        1,
        2,
        null,
        null,
        null
      ],
      "/Users/alex/Documents/nitlink/lib/nitlink/response.rb": [
        1,
        null,
        1,
        1,
        1,
        10,
        null,
        null,
        null,
        null,
        1,
        null,
        1,
        11,
        11,
        null,
        null,
        1,
        10,
        20,
        null
      ],
      "/Users/alex/Documents/nitlink/lib/nitlink.rb": [
        1,
        null,
        1,
        null
      ]
    },
    "timestamp": 1522946352
  }
}
