{
  "RSpec": {
    "coverage": {
      "/Users/alex/Documents/nitlink/lib/nitlink/parser.rb": [
        1,
        1,
        1,
        1,
        1,
        1,
        1,
        null,
        1,
        1,
        1,
        1,
        null,
        1,
        null,
        1,
        59,
        59,
        null,
        59,
        59,
        null,
        58,
        58,
        null,
        58,
        null,
        null,
        1,
        null,
        1,
        58,
        63,
        63,
        null,
        61,
        127,
        null,
        null,
        55,
        null,
        null,
        1,
        61,
        60,
        66,
        null,
        null,
        null,
        1,
        61,
        null,
        60,
        60,
        null,
        60,
        60,
        null,
        60,
        60,
        null,
        null,
        1,
        280,
        null,
        null,
        1,
        60,
        60,
        87,
        17,
        null,
        16,
        16,
        null,
        1,
        null,
        null,
        15,
        null,
        null,
        60,
        null,
        null,
        1,
        2,
        null,
        null,
        1,
        4,
        null,
        null,
        1,
        53,
        50,
        null,
        3,
        null,
        null,
        null,
        null
      ],
      "/Users/alex/Documents/nitlink/lib/nitlink/exceptions.rb": [
        1,
        1,
        1,
        1,
        1,
        null
      ],
      "/Users/alex/Documents/nitlink/lib/nitlink/splitter.rb": [
        1,
        null,
        1,
        1,
        1,
        146,
        146,
        null,
        null,
        1,
        null,
        145,
        145,
        null,
        145,
        3833,
        3833,
        null,
        3833,
        3833,
        null,
        3759,
        120,
        120,
        null,
        null,
        145,
        145,
        null,
        145,
        253,
        null,
        null,
        null,
        1,
        79,
        79,
        null,
        null,
        null
      ],
      "/Users/alex/Documents/nitlink/lib/nitlink/link_collection.rb": [
        1,
        null,
        1,
        1,
        1,
        45,
        92,
        null,
        null,
        1,
        5,
        5,
        null,
        5,
        9,
        5,
        null,
        null,
        1,
        null,
        null
      ],
      "/Users/alex/Documents/nitlink/lib/nitlink/hash_with_indifferent_access.rb": [
        1,
        1,
        1,
        74,
        74,
        195,
        null,
        null,
        null,
        1,
        243,
        null,
        null,
        1,
        209,
        null,
        null,
        1,
        1,
        null,
        null,
        1,
        10,
        null,
        null,
        1,
        9,
        null,
        null,
        1,
        3,
        null,
        null,
        1,
        3,
        null,
        null,
        1,
        3,
        8,
        null,
        3,
        null,
        null,
        1,
        2,
        null,
        null,
        1,
        1,
        null,
        null,
        1,
        1,
        null,
        null,
        null,
        1,
        1,
        null,
        null,
        1,
        null,
        1,
        677,
        null,
        null,
        null
      ],
      "/Users/alex/Documents/nitlink/lib/nitlink/link.rb": [
        1,
        1,
        null,
        null
      ],
      "/Users/alex/Documents/nitlink/lib/nitlink/response_normalizer.rb": [
        1,
        1,
        null,
        1,
        1,
        1,
        85,
        null,
        85,
        null,
        2,
        null,
        2,
        null,
        2,
        null,
        2,
        null,
        2,
        2,
        null,
        2,
        null,
        2,
        null,
        2,
        null,
        2,
        null,
        2,
        null,
        null,
        1,
        null,
        2,
        null,
        4,
        4,
        null,
        55,
        55,
        null,
        55,
        null,
        7,
        6,
        null,
        1,
        null,
        null,
        null,
        80,
        null,
        null,
        1,
        null,
        1,
        3,
        30,
        null,
        null,
        3,
        null,
        null,
        1,
        396,
        80,
        null,
        null,
        1,
        1,
        null,
        null,
        null
      ],
      "/Users/alex/Documents/nitlink/lib/nitlink/param_extractor.rb": [
        1,
        1,
        1,
        1,
        null,
        1,
        1,
        null,
        1,
        76,
        76,
        76,
        170,
        null,
        null,
        76,
        null,
        null,
        1,
        null,
        1,
        null,
        170,
        107,
        null,
        107,
        103,
        103,
        null,
        4,
        null,
        null,
        107,
        76,
        null,
        null,
        1,
        51,
        55,
        null,
        null,
        1,
        103,
        null,
        null,
        1,
        273,
        null,
        null,
        1,
        277,
        null,
        null,
        1,
        170,
        null,
        null,
        null
      ],
      "/Users/alex/Documents/nitlink/lib/nitlink/param_decoder.rb": [
        1,
        null,
        1,
        1,
        1,
        9,
        null,
        9,
        8,
        null,
        6,
        null,
        null,
        1,
        null,
        1,
        1,
        null,
        null,
        1,
        2,
        null,
        null,
        null
      ],
      "/Users/alex/Documents/nitlink/lib/nitlink/response.rb": [
        1,
        null,
        1,
        1,
        1,
        10,
        null,
        null,
        null,
        null,
        1,
        12,
        20,
        null
      ],
      "/Users/alex/Documents/nitlink/lib/nitlink.rb": [
        1,
        null,
        1,
        null
      ]
    },
    "timestamp": 1504186458
  }
}
